[debug] [2026-05-27T20:52:58.024Z] ----------------------------------------------------------------------
[debug] [2026-05-27T20:52:58.031Z] Command:       C:\nvm4w\nodejs\node.exe C:\Users\Administrator\AppData\Roaming\npm\node_modules\firebase-tools\lib\bin\firebase.js deploy --only firestore:rules --project telemed-a98cf
[debug] [2026-05-27T20:52:58.032Z] CLI Version:   15.9.0
[debug] [2026-05-27T20:52:58.032Z] Platform:      win32
[debug] [2026-05-27T20:52:58.033Z] Node Version:  v20.20.0
[debug] [2026-05-27T20:52:58.033Z] Time:          Wed May 27 2026 23:52:58 GMT+0300 (East Africa Time)
[debug] [2026-05-27T20:52:58.033Z] ----------------------------------------------------------------------
[debug] 
[debug] [2026-05-27T20:53:06.973Z] > command requires scopes: ["email","openid","https://www.googleapis.com/auth/cloudplatformprojects.readonly","https://www.googleapis.com/auth/firebase","https://www.googleapis.com/auth/cloud-platform"]
[debug] [2026-05-27T20:53:06.975Z] > authorizing via signed-in user (amgamiga1@gmail.com)
[debug] [2026-05-27T20:53:06.975Z] [iam] checking project telemed-a98cf for permissions ["datastore.indexes.create","datastore.indexes.delete","datastore.indexes.list","datastore.indexes.update","firebase.projects.get"]
[debug] [2026-05-27T20:53:06.980Z] Checked if tokens are valid: true, expires at: 1779916659878
[debug] [2026-05-27T20:53:06.981Z] Checked if tokens are valid: true, expires at: 1779916659878
[debug] [2026-05-27T20:53:06.985Z] >>> [apiv2][query] POST https://cloudresourcemanager.googleapis.com/v1/projects/telemed-a98cf:testIamPermissions [none]
[debug] [2026-05-27T20:53:06.985Z] >>> [apiv2][(partial)header] POST https://cloudresourcemanager.googleapis.com/v1/projects/telemed-a98cf:testIamPermissions  x-goog-user-project=telemed-a98cf
[debug] [2026-05-27T20:53:06.986Z] >>> [apiv2][body] POST https://cloudresourcemanager.googleapis.com/v1/projects/telemed-a98cf:testIamPermissions {"permissions":["datastore.indexes.create","datastore.indexes.delete","datastore.indexes.list","datastore.indexes.update","firebase.projects.get"]}
[debug] [2026-05-27T20:53:09.450Z] <<< [apiv2][status] POST https://cloudresourcemanager.googleapis.com/v1/projects/telemed-a98cf:testIamPermissions 200
[debug] [2026-05-27T20:53:09.451Z] <<< [apiv2][body] POST https://cloudresourcemanager.googleapis.com/v1/projects/telemed-a98cf:testIamPermissions {"permissions":["datastore.indexes.create","datastore.indexes.delete","datastore.indexes.list","datastore.indexes.update","firebase.projects.get"]}
[info] 
[info] === Deploying to 'telemed-a98cf'...
[info] 
[info] i  deploying firestore 
[info] i  firestore: ensuring required API firestore.googleapis.com is enabled... 
[info] i  firestore: ensuring required API firestore.googleapis.com is enabled... 
[debug] [2026-05-27T20:53:09.484Z] Checked if tokens are valid: true, expires at: 1779916659878
[debug] [2026-05-27T20:53:09.488Z] Checked if tokens are valid: true, expires at: 1779916659878
[debug] [2026-05-27T20:53:09.489Z] >>> [apiv2][query] GET https://firestore.googleapis.com/v1/projects/telemed-a98cf/databases/(default) [none]
[debug] [2026-05-27T20:53:11.359Z] <<< [apiv2][status] GET https://firestore.googleapis.com/v1/projects/telemed-a98cf/databases/(default) 200
[debug] [2026-05-27T20:53:11.360Z] <<< [apiv2][body] GET https://firestore.googleapis.com/v1/projects/telemed-a98cf/databases/(default) {"name":"projects/telemed-a98cf/databases/(default)","uid":"53c862c4-176a-4556-81b4-ed6b289560c6","createTime":"2026-01-23T17:35:53.331614Z","updateTime":"2026-01-23T17:35:53.331614Z","locationId":"nam5","type":"FIRESTORE_NATIVE","concurrencyMode":"PESSIMISTIC","versionRetentionPeriod":"3600s","earliestVersionTime":"2026-05-27T19:53:12.331546Z","appEngineIntegrationMode":"DISABLED","keyPrefix":"s","pointInTimeRecoveryEnablement":"POINT_IN_TIME_RECOVERY_DISABLED","deleteProtectionState":"DELETE_PROTECTION_DISABLED","databaseEdition":"STANDARD","freeTier":true,"realtimeUpdatesMode":"REALTIME_UPDATES_MODE_ENABLED","etag":"INPUk+as2pQDMMfI1r225pID"}
[info] i  firestore: reading indexes from firestore.indexes.json... 
[info] i  cloud.firestore: checking firestore.rules for compilation errors... 
[debug] [2026-05-27T20:53:11.376Z] Checked if tokens are valid: true, expires at: 1779916659878
[debug] [2026-05-27T20:53:11.377Z] Checked if tokens are valid: true, expires at: 1779916659878
[debug] [2026-05-27T20:53:11.377Z] >>> [apiv2][query] POST https://firebaserules.googleapis.com/v1/projects/telemed-a98cf:test [none]
[debug] [2026-05-27T20:53:11.377Z] >>> [apiv2][body] POST https://firebaserules.googleapis.com/v1/projects/telemed-a98cf:test [omitted]
[debug] [2026-05-27T20:53:12.618Z] <<< [apiv2][status] POST https://firebaserules.googleapis.com/v1/projects/telemed-a98cf:test 200
[debug] [2026-05-27T20:53:12.619Z] <<< [apiv2][body] POST https://firebaserules.googleapis.com/v1/projects/telemed-a98cf:test {}
[info] +  cloud.firestore: rules file firestore.rules compiled successfully 
[debug] [2026-05-27T20:53:12.624Z] Checked if tokens are valid: true, expires at: 1779916659878
[debug] [2026-05-27T20:53:12.624Z] Checked if tokens are valid: true, expires at: 1779916659878
[debug] [2026-05-27T20:53:12.628Z] >>> [apiv2][query] GET https://firebaserules.googleapis.com/v1/projects/telemed-a98cf/releases pageSize=10&pageToken=
[debug] [2026-05-27T20:53:13.418Z] <<< [apiv2][status] GET https://firebaserules.googleapis.com/v1/projects/telemed-a98cf/releases 200
[debug] [2026-05-27T20:53:13.419Z] <<< [apiv2][body] GET https://firebaserules.googleapis.com/v1/projects/telemed-a98cf/releases {"releases":[{"name":"projects/telemed-a98cf/releases/cloud.firestore","rulesetName":"projects/telemed-a98cf/rulesets/19d1a08f-79e0-4651-9136-e736ef8e0ba3","createTime":"2026-01-23T17:36:01.077710Z","updateTime":"2026-05-27T20:44:18.885842Z"}]}
[debug] [2026-05-27T20:53:13.421Z] Checked if tokens are valid: true, expires at: 1779916659878
[debug] [2026-05-27T20:53:13.422Z] Checked if tokens are valid: true, expires at: 1779916659878
[debug] [2026-05-27T20:53:13.422Z] >>> [apiv2][query] GET https://firebaserules.googleapis.com/v1/projects/telemed-a98cf/rulesets/19d1a08f-79e0-4651-9136-e736ef8e0ba3 [none]
[debug] [2026-05-27T20:53:14.217Z] <<< [apiv2][status] GET https://firebaserules.googleapis.com/v1/projects/telemed-a98cf/rulesets/19d1a08f-79e0-4651-9136-e736ef8e0ba3 200
[debug] [2026-05-27T20:53:14.217Z] <<< [apiv2][body] GET https://firebaserules.googleapis.com/v1/projects/telemed-a98cf/rulesets/19d1a08f-79e0-4651-9136-e736ef8e0ba3 [omitted]
[info] i  firestore: latest version of firestore.rules already up to date, skipping upload... 
[debug] [2026-05-27T20:53:14.222Z] [rules] releasing cloud.firestore/(default) with ruleset projects/telemed-a98cf/rulesets/19d1a08f-79e0-4651-9136-e736ef8e0ba3
[debug] [2026-05-27T20:53:14.223Z] Checked if tokens are valid: true, expires at: 1779916659878
[debug] [2026-05-27T20:53:14.224Z] Checked if tokens are valid: true, expires at: 1779916659878
[debug] [2026-05-27T20:53:14.224Z] >>> [apiv2][query] PATCH https://firebaserules.googleapis.com/v1/projects/telemed-a98cf/releases/cloud.firestore/(default) [none]
[debug] [2026-05-27T20:53:14.224Z] >>> [apiv2][body] PATCH https://firebaserules.googleapis.com/v1/projects/telemed-a98cf/releases/cloud.firestore/(default) {"release":{"name":"projects/telemed-a98cf/releases/cloud.firestore/(default)","rulesetName":"projects/telemed-a98cf/rulesets/19d1a08f-79e0-4651-9136-e736ef8e0ba3"}}
[debug] [2026-05-27T20:53:14.892Z] <<< [apiv2][status] PATCH https://firebaserules.googleapis.com/v1/projects/telemed-a98cf/releases/cloud.firestore/(default) 200
[debug] [2026-05-27T20:53:14.892Z] <<< [apiv2][body] PATCH https://firebaserules.googleapis.com/v1/projects/telemed-a98cf/releases/cloud.firestore/(default) {"name":"projects/telemed-a98cf/releases/cloud.firestore","rulesetName":"projects/telemed-a98cf/rulesets/19d1a08f-79e0-4651-9136-e736ef8e0ba3","createTime":"2026-01-23T17:36:01.077710Z","updateTime":"2026-05-27T20:53:15.823454Z"}
[debug] [2026-05-27T20:53:14.893Z] [rules] updated release projects/telemed-a98cf/releases/cloud.firestore
[info] +  firestore: released rules firestore.rules to cloud.firestore 
[info] 
[info] +  Deploy complete! 
[info] 
[info] Project Console: https://console.firebase.google.com/project/telemed-a98cf/overview
[debug] [2026-05-27T20:53:20.436Z] Error: Timed out.
    at Timeout._onTimeout (C:\Users\Administrator\AppData\Roaming\npm\node_modules\firebase-tools\lib\utils.js:308:49)
    at listOnTimeout (node:internal/timers:581:17)
    at process.processTimers (node:internal/timers:519:7)
[error] 
[error] Error: An unexpected error has occurred.
